16-09-2017 21:41:33	This log contains information about the import schema operation into project 'EHRS.Database' on computer 'MAHENDRA2088' by user 'mahendra2088'.
16-09-2017 21:41:33	Import of database schema has started.
16-09-2017 21:41:39	Gathering database options
16-09-2017 21:41:39	Gathering users
16-09-2017 21:41:39	Gathering roles
16-09-2017 21:41:39	Gathering application roles
16-09-2017 21:41:39	Gathering role memberships
16-09-2017 21:41:39	Gathering filegroups
16-09-2017 21:41:39	Gathering full-text catalogs
16-09-2017 21:41:39	Gathering assemblies
16-09-2017 21:41:39	Gathering certificates
16-09-2017 21:41:39	Gathering asymmetric keys
16-09-2017 21:41:39	Gathering symmetric keys
16-09-2017 21:41:39	Gathering encrypted symmetric keys
16-09-2017 21:41:39	Gathering schemas
16-09-2017 21:41:39	Gathering XML schema collections
16-09-2017 21:41:39	Gathering user-defined data types
16-09-2017 21:41:39	Gathering user-defined types
16-09-2017 21:41:39	Gathering table types
16-09-2017 21:41:39	Gathering unique keys for table types
16-09-2017 21:41:39	Gathering primary keys for table types
16-09-2017 21:41:39	Gathering check constraints for table types
16-09-2017 21:41:39	Gathering default constraints for table types
16-09-2017 21:41:39	Gathering partition functions
16-09-2017 21:41:39	Gathering partition schemes
16-09-2017 21:41:39	Gathering functions
16-09-2017 21:41:39	Gathering encrypted functions
16-09-2017 21:41:39	Gathering aggregates
16-09-2017 21:41:39	Gathering procedures
16-09-2017 21:41:39	Gathering encrypted procedures
16-09-2017 21:41:39	Gathering tables
16-09-2017 21:41:39	Gathering primary keys
16-09-2017 21:41:39	Gathering unique constraints
16-09-2017 21:41:39	Gathering foreign keys
16-09-2017 21:41:39	Gathering default constraints
16-09-2017 21:41:39	Gathering check constraints
16-09-2017 21:41:39	Gathering views
16-09-2017 21:41:39	Gathering encrypted views
16-09-2017 21:41:39	Gathering indexes
16-09-2017 21:41:39	Gathering statistics
16-09-2017 21:41:39	Gathering full-text index stoplists
16-09-2017 21:41:39	Gathering search property lists
16-09-2017 21:41:39	Gathering search properties
16-09-2017 21:41:39	Gathering full-text indexes
16-09-2017 21:41:39	Gathering column store indexes
16-09-2017 21:41:39	Gathering spatial indexes
16-09-2017 21:41:39	Gathering XML indexes
16-09-2017 21:41:39	Gathering encrypted triggers
16-09-2017 21:41:39	Gathering triggers
16-09-2017 21:41:39	Gathering encrypted and clr ddl triggers
16-09-2017 21:41:39	Gathering ddl triggers
16-09-2017 21:41:39	Gathering synonyms
16-09-2017 21:41:39	Gathering defaults
16-09-2017 21:41:39	Gathering data constraint uddt bindings
16-09-2017 21:41:39	Gathering rules
16-09-2017 21:41:39	Gathering data constraint uddt bindings
16-09-2017 21:41:39	Gathering message types
16-09-2017 21:41:39	Gathering queues
16-09-2017 21:41:39	Gathering contracts
16-09-2017 21:41:39	Gathering services
16-09-2017 21:41:39	Gathering event notifications
16-09-2017 21:41:39	Gathering remote service bindings
16-09-2017 21:41:39	Gathering broker priorities
16-09-2017 21:41:39	Gathering signatures
16-09-2017 21:41:39	Gathering data compression options
16-09-2017 21:41:39	Gathering sequence types
16-09-2017 21:41:39	Gathering extended properties
16-09-2017 21:41:39	Gathering credentials
16-09-2017 21:41:39	Gathering logins
16-09-2017 21:41:39	Gathering server audits
16-09-2017 21:41:40	Scanning project for duplicate elements
16-09-2017 21:41:41	Finished duplicate element processing
16-09-2017 21:41:41	Finished importing database.
16-09-2017 21:41:41	A summary of the import was saved to the following location: C:\D\projectss\AT\0 Codes\ATDev\EHRS Solution\EHRS.Database\Import Schema Logs\EHRS.Database_20170916041133.log
16-09-2017 21:41:41	Click Finish to continue...
